  Generate enclave test key
  Creating proxy/bridge routines
  enc_VER.cpp
  enc_VER_t.c
    正在创建库 E:\SCIS\SCIS_eight\cloud_CSP\Simulation\enc_VER.lib 和对象 E:\SCIS\SCIS_eight\cloud_CSP\Simulation\enc_VER.exp
  enc_VER.vcxproj -> E:\SCIS\SCIS_eight\cloud_CSP\Simulation\enc_VER.dll
  sign the enclave
  The required memory is 0x15f000.
  <EnclaveConfiguration>
      <ProdID>0</ProdID>
      <ISVSVN>0</ISVSVN>
      <StackMaxSize>0x40000</StackMaxSize>
      <HeapMaxSize>0x100000</HeapMaxSize>
      <TCSNum>1</TCSNum>
      <TCSPolicy>1</TCSPolicy>
      <DisableDebug>0</DisableDebug>
      <MiscSelect>0</MiscSelect>
      <MiscMask>0xFFFFFFFF</MiscMask>
  </EnclaveConfiguration>
  Succeed.
